<?xml version="1.0" encoding="UTF-8"?>
<testsuite name="edu.odu.cs.cs350.TestXLSXReport" tests="4" skipped="0" failures="0" errors="0" timestamp="2019-08-09T00:26:29" hostname="DESKTOP-P45T5Q1" time="0.773">
  <properties/>
  <testcase name="testClone" classname="edu.odu.cs.cs350.TestXLSXReport" time="0.75"/>
  <testcase name="testXLSXReport" classname="edu.odu.cs.cs350.TestXLSXReport" time="0.008"/>
  <testcase name="testResource" classname="edu.odu.cs.cs350.TestXLSXReport" time="0.006"/>
  <testcase name="testSetFileName" classname="edu.odu.cs.cs350.TestXLSXReport" time="0.008"/>
  <system-out><![CDATA[]]></system-out>
  <system-err><![CDATA[]]></system-err>
</testsuite>
