<?xml version="1.0" encoding="UTF-8"?>
<testsuite name="edu.odu.cs.cs350.TestJSONReport" tests="4" skipped="0" failures="0" errors="0" timestamp="2019-08-09T00:26:29" hostname="DESKTOP-P45T5Q1" time="0.001">
  <properties/>
  <testcase name="testClone" classname="edu.odu.cs.cs350.TestJSONReport" time="0.0"/>
  <testcase name="testJSONReport" classname="edu.odu.cs.cs350.TestJSONReport" time="0.0"/>
  <testcase name="testResource" classname="edu.odu.cs.cs350.TestJSONReport" time="0.0"/>
  <testcase name="testSetFileName" classname="edu.odu.cs.cs350.TestJSONReport" time="0.0"/>
  <system-out><![CDATA[]]></system-out>
  <system-err><![CDATA[]]></system-err>
</testsuite>
